TN:
SF:/opt/repository/delay/src/Blacklist.js
FN:6,(anonymous_0)
FN:15,(anonymous_1)
FN:24,(anonymous_2)
FN:37,(anonymous_3)
FN:42,(anonymous_4)
FN:47,(anonymous_5)
FN:63,(anonymous_6)
FN:74,(anonymous_7)
FN:78,(anonymous_8)
FNF:9
FNH:9
FNDA:2,(anonymous_0)
FNDA:2,(anonymous_1)
FNDA:4,(anonymous_2)
FNDA:1,(anonymous_3)
FNDA:1,(anonymous_4)
FNDA:2,(anonymous_5)
FNDA:14,(anonymous_6)
FNDA:7,(anonymous_7)
FNDA:1,(anonymous_8)
DA:3,1
DA:7,2
DA:8,2
DA:9,3
DA:10,1
DA:12,1
DA:16,2
DA:17,2
DA:18,3
DA:19,1
DA:21,1
DA:25,4
DA:26,4
DA:27,4
DA:28,5
DA:29,3
DA:30,3
DA:31,3
DA:34,4
DA:38,1
DA:39,1
DA:43,1
DA:44,1
DA:49,2
DA:50,2
DA:51,2
DA:59,2
DA:60,2
DA:64,14
DA:67,14
DA:68,1
DA:71,13
DA:75,7
DA:79,1
DA:80,1
DA:86,1
LF:36
LH:36
BRDA:9,0,0,1
BRDA:9,0,1,2
BRDA:18,1,0,1
BRDA:18,1,1,2
BRDA:28,2,0,3
BRDA:28,2,1,2
BRDA:34,3,0,3
BRDA:34,3,1,1
BRDA:67,4,0,1
BRDA:67,4,1,13
BRDA:67,5,0,14
BRDA:67,5,1,14
BRF:12
BRH:12
end_of_record
TN:
SF:/opt/repository/delay/src/LocalStorage.js
FN:3,(anonymous_0)
FN:13,(anonymous_1)
FNF:2
FNH:0
FNDA:0,(anonymous_0)
FNDA:0,(anonymous_1)
DA:4,0
DA:5,0
DA:6,0
DA:8,0
DA:10,0
DA:14,0
LF:6
LH:0
BRDA:5,0,0,0
BRDA:5,0,1,0
BRF:2
BRH:0
end_of_record
